2023-04-07 00:48:06,615 [main] INFO  c.s.starter.SmartbotApplication [Line:51 ] - Starting SmartbotApplication using Java 17.0.1 with PID 15888 (C:\newfolder\javaweb\smartbot\portal\target\classes started by 12135 in C:\newfolder\javaweb\smartbot)
2023-04-07 00:48:06,630 [main] INFO  c.s.starter.SmartbotApplication [Line:630] - No active profile set, falling back to 1 default profile: "default"
2023-04-07 00:48:09,227 [main] INFO  o.s.d.r.c.RepositoryConfigurationDelegate [Line:291] - Multiple Spring Data modules found, entering strict repository configuration mode
2023-04-07 00:48:09,239 [main] INFO  o.s.d.r.c.RepositoryConfigurationDelegate [Line:138] - Bootstrapping Spring Data Redis repositories in DEFAULT mode.
2023-04-07 00:48:09,366 [main] INFO  o.s.d.r.c.RepositoryConfigurationDelegate [Line:208] - Finished Spring Data repository scanning in 21 ms. Found 0 Redis repository interfaces.
2023-04-07 00:48:11,007 [main] INFO  o.s.b.w.e.tomcat.TomcatWebServer [Line:108] - Tomcat initialized with port(s): 8080 (http)
2023-04-07 00:48:11,043 [main] INFO  o.a.coyote.http11.Http11NioProtocol [Line:173] - Initializing ProtocolHandler ["http-nio-8080"]
2023-04-07 00:48:11,044 [main] INFO  o.a.catalina.core.StandardService [Line:173] - Starting service [Tomcat]
2023-04-07 00:48:11,045 [main] INFO  o.a.catalina.core.StandardEngine [Line:173] - Starting Servlet engine: [Apache Tomcat/10.1.5]
2023-04-07 00:48:11,288 [main] INFO  o.a.c.c.C.[Tomcat].[localhost].[/] [Line:173] - Initializing Spring embedded WebApplicationContext
2023-04-07 00:48:11,290 [main] INFO  o.s.b.w.s.c.ServletWebServerApplicationContext [Line:291] - Root WebApplicationContext: initialization completed in 4520 ms
2023-04-07 00:48:14,266 [main] INFO  o.a.coyote.http11.Http11NioProtocol [Line:173] - Starting ProtocolHandler ["http-nio-8080"]
2023-04-07 00:48:14,351 [main] INFO  o.s.b.w.e.tomcat.TomcatWebServer [Line:220] - Tomcat started on port(s): 8080 (http) with context path ''
2023-04-07 00:48:14,397 [main] INFO  c.s.starter.SmartbotApplication [Line:57 ] - Started SmartbotApplication in 8.809 seconds (process running for 12.18)
2023-04-07 00:49:28,438 [http-nio-8080-exec-1] INFO  o.a.c.c.C.[Tomcat].[localhost].[/] [Line:173] - Initializing Spring DispatcherServlet 'dispatcherServlet'
2023-04-07 00:49:28,438 [http-nio-8080-exec-1] INFO  o.s.web.servlet.DispatcherServlet [Line:532] - Initializing Servlet 'dispatcherServlet'
2023-04-07 00:49:28,440 [http-nio-8080-exec-1] INFO  o.s.web.servlet.DispatcherServlet [Line:554] - Completed initialization in 2 ms
2023-04-07 01:15:41,514 [http-nio-8080-exec-10] INFO  c.alibaba.druid.pool.DruidDataSource [Line:930] - {dataSource-1} inited
2023-04-07 01:45:07,963 [SpringApplicationShutdownHook] INFO  c.alibaba.druid.pool.DruidDataSource [Line:1825] - {dataSource-1} closed
2023-04-07 02:23:47,431 [main] INFO  c.s.starter.SmartbotApplication [Line:51 ] - Starting SmartbotApplication using Java 17.0.1 with PID 21468 (C:\newfolder\javaweb\smartbot\portal\target\classes started by 12135 in C:\newfolder\javaweb\smartbot)
2023-04-07 02:23:47,439 [main] INFO  c.s.starter.SmartbotApplication [Line:630] - No active profile set, falling back to 1 default profile: "default"
2023-04-07 02:23:48,830 [main] INFO  o.s.d.r.c.RepositoryConfigurationDelegate [Line:291] - Multiple Spring Data modules found, entering strict repository configuration mode
2023-04-07 02:23:48,834 [main] INFO  o.s.d.r.c.RepositoryConfigurationDelegate [Line:138] - Bootstrapping Spring Data Redis repositories in DEFAULT mode.
2023-04-07 02:23:48,892 [main] INFO  o.s.d.r.c.RepositoryConfigurationDelegate [Line:208] - Finished Spring Data repository scanning in 7 ms. Found 0 Redis repository interfaces.
2023-04-07 02:23:49,749 [main] INFO  o.s.b.w.e.tomcat.TomcatWebServer [Line:108] - Tomcat initialized with port(s): 8080 (http)
2023-04-07 02:23:49,764 [main] INFO  o.a.coyote.http11.Http11NioProtocol [Line:173] - Initializing ProtocolHandler ["http-nio-8080"]
2023-04-07 02:23:49,765 [main] INFO  o.a.catalina.core.StandardService [Line:173] - Starting service [Tomcat]
2023-04-07 02:23:49,766 [main] INFO  o.a.catalina.core.StandardEngine [Line:173] - Starting Servlet engine: [Apache Tomcat/10.1.5]
2023-04-07 02:23:49,900 [main] INFO  o.a.c.c.C.[Tomcat].[localhost].[/] [Line:173] - Initializing Spring embedded WebApplicationContext
2023-04-07 02:23:49,901 [main] INFO  o.s.b.w.s.c.ServletWebServerApplicationContext [Line:291] - Root WebApplicationContext: initialization completed in 2373 ms
2023-04-07 02:23:51,507 [main] INFO  o.a.coyote.http11.Http11NioProtocol [Line:173] - Starting ProtocolHandler ["http-nio-8080"]
2023-04-07 02:23:51,554 [main] INFO  o.s.b.w.e.tomcat.TomcatWebServer [Line:220] - Tomcat started on port(s): 8080 (http) with context path ''
2023-04-07 02:23:51,581 [main] INFO  c.s.starter.SmartbotApplication [Line:57 ] - Started SmartbotApplication in 5.004 seconds (process running for 7.265)
2023-04-07 02:24:10,079 [http-nio-8080-exec-1] INFO  o.a.c.c.C.[Tomcat].[localhost].[/] [Line:173] - Initializing Spring DispatcherServlet 'dispatcherServlet'
2023-04-07 02:24:10,079 [http-nio-8080-exec-1] INFO  o.s.web.servlet.DispatcherServlet [Line:532] - Initializing Servlet 'dispatcherServlet'
2023-04-07 02:24:10,082 [http-nio-8080-exec-1] INFO  o.s.web.servlet.DispatcherServlet [Line:554] - Completed initialization in 2 ms
2023-04-07 02:24:16,081 [http-nio-8080-exec-3] INFO  c.alibaba.druid.pool.DruidDataSource [Line:930] - {dataSource-1} inited
2023-04-07 02:48:07,889 [SpringApplicationShutdownHook] INFO  c.alibaba.druid.pool.DruidDataSource [Line:1825] - {dataSource-1} closed
