2023-04-09 03:26:17,658 [main] INFO  c.s.starter.SmartbotApplication [Line:51 ] - Starting SmartbotApplication using Java 17.0.1 with PID 11740 (C:\newfolder\javaweb\smartbot\portal\target\classes started by 12135 in C:\newfolder\javaweb\smartbot)
2023-04-09 03:26:17,669 [main] INFO  c.s.starter.SmartbotApplication [Line:630] - No active profile set, falling back to 1 default profile: "default"
2023-04-09 03:26:18,604 [main] INFO  o.s.d.r.c.RepositoryConfigurationDelegate [Line:291] - Multiple Spring Data modules found, entering strict repository configuration mode
2023-04-09 03:26:18,608 [main] INFO  o.s.d.r.c.RepositoryConfigurationDelegate [Line:138] - Bootstrapping Spring Data Redis repositories in DEFAULT mode.
2023-04-09 03:26:18,654 [main] INFO  o.s.d.r.c.RepositoryConfigurationDelegate [Line:208] - Finished Spring Data repository scanning in 6 ms. Found 0 Redis repository interfaces.
2023-04-09 03:26:19,359 [main] INFO  o.s.b.w.e.tomcat.TomcatWebServer [Line:108] - Tomcat initialized with port(s): 8080 (http)
2023-04-09 03:26:19,373 [main] INFO  o.a.coyote.http11.Http11NioProtocol [Line:173] - Initializing ProtocolHandler ["http-nio-8080"]
2023-04-09 03:26:19,374 [main] INFO  o.a.catalina.core.StandardService [Line:173] - Starting service [Tomcat]
2023-04-09 03:26:19,375 [main] INFO  o.a.catalina.core.StandardEngine [Line:173] - Starting Servlet engine: [Apache Tomcat/10.1.5]
2023-04-09 03:26:19,501 [main] INFO  o.a.c.c.C.[Tomcat].[localhost].[/] [Line:173] - Initializing Spring embedded WebApplicationContext
2023-04-09 03:26:19,502 [main] INFO  o.s.b.w.s.c.ServletWebServerApplicationContext [Line:291] - Root WebApplicationContext: initialization completed in 1771 ms
2023-04-09 03:26:20,705 [main] INFO  o.a.coyote.http11.Http11NioProtocol [Line:173] - Starting ProtocolHandler ["http-nio-8080"]
2023-04-09 03:26:20,735 [main] INFO  o.s.b.w.e.tomcat.TomcatWebServer [Line:220] - Tomcat started on port(s): 8080 (http) with context path ''
2023-04-09 03:26:20,757 [main] INFO  c.s.starter.SmartbotApplication [Line:57 ] - Started SmartbotApplication in 3.818 seconds (process running for 5.221)
2023-04-09 03:54:26,782 [main] INFO  c.s.starter.SmartbotApplication [Line:51 ] - Starting SmartbotApplication using Java 17.0.1 with PID 12372 (C:\newfolder\javaweb\smartbot\portal\target\classes started by 12135 in C:\newfolder\javaweb\smartbot)
2023-04-09 03:54:26,788 [main] INFO  c.s.starter.SmartbotApplication [Line:630] - No active profile set, falling back to 1 default profile: "default"
2023-04-09 03:54:27,943 [main] INFO  o.s.d.r.c.RepositoryConfigurationDelegate [Line:291] - Multiple Spring Data modules found, entering strict repository configuration mode
2023-04-09 03:54:27,947 [main] INFO  o.s.d.r.c.RepositoryConfigurationDelegate [Line:138] - Bootstrapping Spring Data Redis repositories in DEFAULT mode.
2023-04-09 03:54:28,004 [main] INFO  o.s.d.r.c.RepositoryConfigurationDelegate [Line:208] - Finished Spring Data repository scanning in 7 ms. Found 0 Redis repository interfaces.
2023-04-09 03:54:28,841 [main] INFO  o.s.b.w.e.tomcat.TomcatWebServer [Line:108] - Tomcat initialized with port(s): 8080 (http)
2023-04-09 03:54:28,856 [main] INFO  o.a.coyote.http11.Http11NioProtocol [Line:173] - Initializing ProtocolHandler ["http-nio-8080"]
2023-04-09 03:54:28,857 [main] INFO  o.a.catalina.core.StandardService [Line:173] - Starting service [Tomcat]
2023-04-09 03:54:28,857 [main] INFO  o.a.catalina.core.StandardEngine [Line:173] - Starting Servlet engine: [Apache Tomcat/10.1.5]
2023-04-09 03:54:28,993 [main] INFO  o.a.c.c.C.[Tomcat].[localhost].[/] [Line:173] - Initializing Spring embedded WebApplicationContext
2023-04-09 03:54:28,994 [main] INFO  o.s.b.w.s.c.ServletWebServerApplicationContext [Line:291] - Root WebApplicationContext: initialization completed in 2133 ms
2023-04-09 03:54:30,669 [main] INFO  o.a.coyote.http11.Http11NioProtocol [Line:173] - Starting ProtocolHandler ["http-nio-8080"]
2023-04-09 03:54:30,705 [main] INFO  o.s.b.w.e.tomcat.TomcatWebServer [Line:220] - Tomcat started on port(s): 8080 (http) with context path ''
2023-04-09 03:54:30,732 [main] INFO  c.s.starter.SmartbotApplication [Line:57 ] - Started SmartbotApplication in 4.658 seconds (process running for 6.236)
2023-04-09 03:54:45,153 [http-nio-8080-exec-1] INFO  o.a.c.c.C.[Tomcat].[localhost].[/] [Line:173] - Initializing Spring DispatcherServlet 'dispatcherServlet'
2023-04-09 03:54:45,153 [http-nio-8080-exec-1] INFO  o.s.web.servlet.DispatcherServlet [Line:532] - Initializing Servlet 'dispatcherServlet'
2023-04-09 03:54:45,154 [http-nio-8080-exec-1] INFO  o.s.web.servlet.DispatcherServlet [Line:554] - Completed initialization in 1 ms
