2023-03-30 03:15:12,312 [main] INFO  com.smartbot.starter.test [Line:51 ] - Starting test using Java 17.0.1 with PID 2824 (started by 12135 in C:\newfolder\javaweb\smartbot\portal)
2023-03-30 03:15:12,317 [main] INFO  com.smartbot.starter.test [Line:630] - No active profile set, falling back to 1 default profile: "default"
2023-03-30 03:15:13,084 [main] INFO  o.s.d.r.c.RepositoryConfigurationDelegate [Line:291] - Multiple Spring Data modules found, entering strict repository configuration mode
2023-03-30 03:15:13,088 [main] INFO  o.s.d.r.c.RepositoryConfigurationDelegate [Line:138] - Bootstrapping Spring Data Redis repositories in DEFAULT mode.
2023-03-30 03:15:13,125 [main] INFO  o.s.d.r.c.RepositoryConfigurationDelegate [Line:208] - Finished Spring Data repository scanning in 6 ms. Found 0 Redis repository interfaces.
2023-03-30 03:15:15,159 [main] INFO  com.smartbot.starter.test [Line:57 ] - Started test in 3.163 seconds (process running for 4.266)
2023-03-30 03:16:33,896 [main] INFO  com.smartbot.starter.test [Line:51 ] - Starting test using Java 17.0.1 with PID 11940 (started by 12135 in C:\newfolder\javaweb\smartbot\portal)
2023-03-30 03:16:33,898 [main] INFO  com.smartbot.starter.test [Line:630] - No active profile set, falling back to 1 default profile: "default"
2023-03-30 03:16:34,574 [main] INFO  o.s.d.r.c.RepositoryConfigurationDelegate [Line:291] - Multiple Spring Data modules found, entering strict repository configuration mode
2023-03-30 03:16:34,578 [main] INFO  o.s.d.r.c.RepositoryConfigurationDelegate [Line:138] - Bootstrapping Spring Data Redis repositories in DEFAULT mode.
2023-03-30 03:16:34,609 [main] INFO  o.s.d.r.c.RepositoryConfigurationDelegate [Line:208] - Finished Spring Data repository scanning in 5 ms. Found 0 Redis repository interfaces.
2023-03-30 03:16:36,289 [main] INFO  com.smartbot.starter.test [Line:57 ] - Started test in 2.664 seconds (process running for 3.647)
2023-03-30 03:26:24,932 [main] INFO  com.smartbot.starter.test [Line:51 ] - Starting test using Java 17.0.1 with PID 17372 (started by 12135 in C:\newfolder\javaweb\smartbot\portal)
2023-03-30 03:26:24,933 [main] INFO  com.smartbot.starter.test [Line:630] - No active profile set, falling back to 1 default profile: "default"
2023-03-30 03:26:25,646 [main] INFO  o.s.d.r.c.RepositoryConfigurationDelegate [Line:291] - Multiple Spring Data modules found, entering strict repository configuration mode
2023-03-30 03:26:25,650 [main] INFO  o.s.d.r.c.RepositoryConfigurationDelegate [Line:138] - Bootstrapping Spring Data Redis repositories in DEFAULT mode.
2023-03-30 03:26:25,684 [main] INFO  o.s.d.r.c.RepositoryConfigurationDelegate [Line:208] - Finished Spring Data repository scanning in 6 ms. Found 0 Redis repository interfaces.
2023-03-30 03:26:27,408 [main] INFO  com.smartbot.starter.test [Line:57 ] - Started test in 2.73 seconds (process running for 3.703)
2023-03-30 03:26:52,633 [main] INFO  com.smartbot.starter.test [Line:51 ] - Starting test using Java 17.0.1 with PID 13652 (started by 12135 in C:\newfolder\javaweb\smartbot\portal)
2023-03-30 03:26:52,634 [main] INFO  com.smartbot.starter.test [Line:630] - No active profile set, falling back to 1 default profile: "default"
2023-03-30 03:26:53,305 [main] INFO  o.s.d.r.c.RepositoryConfigurationDelegate [Line:291] - Multiple Spring Data modules found, entering strict repository configuration mode
2023-03-30 03:26:53,309 [main] INFO  o.s.d.r.c.RepositoryConfigurationDelegate [Line:138] - Bootstrapping Spring Data Redis repositories in DEFAULT mode.
2023-03-30 03:26:53,337 [main] INFO  o.s.d.r.c.RepositoryConfigurationDelegate [Line:208] - Finished Spring Data repository scanning in 5 ms. Found 0 Redis repository interfaces.
2023-03-30 03:26:54,975 [main] INFO  com.smartbot.starter.test [Line:57 ] - Started test in 2.613 seconds (process running for 3.592)
2023-03-30 03:29:48,778 [main] INFO  com.smartbot.starter.test [Line:51 ] - Starting test using Java 17.0.1 with PID 15416 (started by 12135 in C:\newfolder\javaweb\smartbot\portal)
2023-03-30 03:29:48,780 [main] INFO  com.smartbot.starter.test [Line:630] - No active profile set, falling back to 1 default profile: "default"
2023-03-30 03:29:49,499 [main] INFO  o.s.d.r.c.RepositoryConfigurationDelegate [Line:291] - Multiple Spring Data modules found, entering strict repository configuration mode
2023-03-30 03:29:49,506 [main] INFO  o.s.d.r.c.RepositoryConfigurationDelegate [Line:138] - Bootstrapping Spring Data Redis repositories in DEFAULT mode.
2023-03-30 03:29:49,547 [main] INFO  o.s.d.r.c.RepositoryConfigurationDelegate [Line:208] - Finished Spring Data repository scanning in 8 ms. Found 0 Redis repository interfaces.
2023-03-30 03:29:51,290 [main] INFO  com.smartbot.starter.test [Line:57 ] - Started test in 2.771 seconds (process running for 3.815)
2023-03-30 03:35:12,732 [main] INFO  com.smartbot.starter.test [Line:51 ] - Starting test using Java 17.0.1 with PID 6288 (started by 12135 in C:\newfolder\javaweb\smartbot\portal)
2023-03-30 03:35:12,733 [main] INFO  com.smartbot.starter.test [Line:630] - No active profile set, falling back to 1 default profile: "default"
2023-03-30 03:35:13,389 [main] INFO  o.s.d.r.c.RepositoryConfigurationDelegate [Line:291] - Multiple Spring Data modules found, entering strict repository configuration mode
2023-03-30 03:35:13,393 [main] INFO  o.s.d.r.c.RepositoryConfigurationDelegate [Line:138] - Bootstrapping Spring Data Redis repositories in DEFAULT mode.
2023-03-30 03:35:13,422 [main] INFO  o.s.d.r.c.RepositoryConfigurationDelegate [Line:208] - Finished Spring Data repository scanning in 5 ms. Found 0 Redis repository interfaces.
2023-03-30 03:35:15,096 [main] INFO  com.smartbot.starter.test [Line:57 ] - Started test in 2.619 seconds (process running for 3.612)
2023-03-30 03:35:37,789 [main] INFO  com.smartbot.starter.test [Line:51 ] - Starting test using Java 17.0.1 with PID 14316 (started by 12135 in C:\newfolder\javaweb\smartbot\portal)
2023-03-30 03:35:37,790 [main] INFO  com.smartbot.starter.test [Line:630] - No active profile set, falling back to 1 default profile: "default"
2023-03-30 03:35:38,489 [main] INFO  o.s.d.r.c.RepositoryConfigurationDelegate [Line:291] - Multiple Spring Data modules found, entering strict repository configuration mode
2023-03-30 03:35:38,493 [main] INFO  o.s.d.r.c.RepositoryConfigurationDelegate [Line:138] - Bootstrapping Spring Data Redis repositories in DEFAULT mode.
2023-03-30 03:35:38,523 [main] INFO  o.s.d.r.c.RepositoryConfigurationDelegate [Line:208] - Finished Spring Data repository scanning in 5 ms. Found 0 Redis repository interfaces.
2023-03-30 03:35:40,185 [main] INFO  com.smartbot.starter.test [Line:57 ] - Started test in 2.657 seconds (process running for 3.597)
2023-03-30 03:40:35,522 [main] INFO  com.smartbot.starter.test [Line:51 ] - Starting test using Java 17.0.1 with PID 8788 (started by 12135 in C:\newfolder\javaweb\smartbot\portal)
2023-03-30 03:40:35,523 [main] INFO  com.smartbot.starter.test [Line:630] - No active profile set, falling back to 1 default profile: "default"
2023-03-30 03:40:36,191 [main] INFO  o.s.d.r.c.RepositoryConfigurationDelegate [Line:291] - Multiple Spring Data modules found, entering strict repository configuration mode
2023-03-30 03:40:36,194 [main] INFO  o.s.d.r.c.RepositoryConfigurationDelegate [Line:138] - Bootstrapping Spring Data Redis repositories in DEFAULT mode.
2023-03-30 03:40:36,225 [main] INFO  o.s.d.r.c.RepositoryConfigurationDelegate [Line:208] - Finished Spring Data repository scanning in 5 ms. Found 0 Redis repository interfaces.
2023-03-30 03:40:38,480 [main] INFO  com.smartbot.starter.test [Line:57 ] - Started test in 3.216 seconds (process running for 4.209)
2023-03-30 03:40:38,711 [main] INFO  c.alibaba.druid.pool.DruidDataSource [Line:930] - {dataSource-1} inited
2023-03-30 03:40:40,242 [SpringApplicationShutdownHook] INFO  c.alibaba.druid.pool.DruidDataSource [Line:1825] - {dataSource-1} closed
2023-03-30 03:47:25,955 [main] INFO  com.smartbot.starter.test [Line:51 ] - Starting test using Java 17.0.1 with PID 1516 (started by 12135 in C:\newfolder\javaweb\smartbot\portal)
2023-03-30 03:47:25,956 [main] INFO  com.smartbot.starter.test [Line:630] - No active profile set, falling back to 1 default profile: "default"
2023-03-30 03:47:26,819 [main] INFO  o.s.d.r.c.RepositoryConfigurationDelegate [Line:291] - Multiple Spring Data modules found, entering strict repository configuration mode
2023-03-30 03:47:26,823 [main] INFO  o.s.d.r.c.RepositoryConfigurationDelegate [Line:138] - Bootstrapping Spring Data Redis repositories in DEFAULT mode.
2023-03-30 03:47:26,867 [main] INFO  o.s.d.r.c.RepositoryConfigurationDelegate [Line:208] - Finished Spring Data repository scanning in 7 ms. Found 0 Redis repository interfaces.
2023-03-30 03:47:29,268 [main] INFO  com.smartbot.starter.test [Line:57 ] - Started test in 3.583 seconds (process running for 4.494)
2023-03-30 03:47:30,350 [main] INFO  c.alibaba.druid.pool.DruidDataSource [Line:930] - {dataSource-1} inited
2023-03-30 03:47:31,370 [SpringApplicationShutdownHook] INFO  c.alibaba.druid.pool.DruidDataSource [Line:1825] - {dataSource-1} closed
2023-03-30 03:49:01,706 [main] INFO  com.smartbot.starter.test [Line:51 ] - Starting test using Java 17.0.1 with PID 10420 (started by 12135 in C:\newfolder\javaweb\smartbot\portal)
2023-03-30 03:49:01,709 [main] INFO  com.smartbot.starter.test [Line:630] - No active profile set, falling back to 1 default profile: "default"
2023-03-30 03:49:03,106 [main] INFO  o.s.d.r.c.RepositoryConfigurationDelegate [Line:291] - Multiple Spring Data modules found, entering strict repository configuration mode
2023-03-30 03:49:03,112 [main] INFO  o.s.d.r.c.RepositoryConfigurationDelegate [Line:138] - Bootstrapping Spring Data Redis repositories in DEFAULT mode.
2023-03-30 03:49:03,159 [main] INFO  o.s.d.r.c.RepositoryConfigurationDelegate [Line:208] - Finished Spring Data repository scanning in 8 ms. Found 0 Redis repository interfaces.
2023-03-30 03:49:07,099 [main] INFO  com.smartbot.starter.test [Line:57 ] - Started test in 6.001 seconds (process running for 8.725)
2023-03-30 03:49:41,745 [main] INFO  com.smartbot.starter.test [Line:51 ] - Starting test using Java 17.0.1 with PID 13200 (started by 12135 in C:\newfolder\javaweb\smartbot\portal)
2023-03-30 03:49:41,747 [main] INFO  com.smartbot.starter.test [Line:630] - No active profile set, falling back to 1 default profile: "default"
2023-03-30 03:49:42,880 [main] INFO  o.s.d.r.c.RepositoryConfigurationDelegate [Line:291] - Multiple Spring Data modules found, entering strict repository configuration mode
2023-03-30 03:49:42,886 [main] INFO  o.s.d.r.c.RepositoryConfigurationDelegate [Line:138] - Bootstrapping Spring Data Redis repositories in DEFAULT mode.
2023-03-30 03:49:42,936 [main] INFO  o.s.d.r.c.RepositoryConfigurationDelegate [Line:208] - Finished Spring Data repository scanning in 8 ms. Found 0 Redis repository interfaces.
2023-03-30 03:49:45,652 [main] INFO  com.smartbot.starter.test [Line:57 ] - Started test in 4.397 seconds (process running for 6.202)
2023-03-30 03:50:43,246 [main] INFO  com.smartbot.starter.test [Line:51 ] - Starting test using Java 17.0.1 with PID 6440 (started by 12135 in C:\newfolder\javaweb\smartbot\portal)
2023-03-30 03:50:43,248 [main] INFO  com.smartbot.starter.test [Line:630] - No active profile set, falling back to 1 default profile: "default"
2023-03-30 03:50:44,264 [main] INFO  o.s.d.r.c.RepositoryConfigurationDelegate [Line:291] - Multiple Spring Data modules found, entering strict repository configuration mode
2023-03-30 03:50:44,269 [main] INFO  o.s.d.r.c.RepositoryConfigurationDelegate [Line:138] - Bootstrapping Spring Data Redis repositories in DEFAULT mode.
2023-03-30 03:50:44,311 [main] INFO  o.s.d.r.c.RepositoryConfigurationDelegate [Line:208] - Finished Spring Data repository scanning in 6 ms. Found 0 Redis repository interfaces.
2023-03-30 03:50:47,116 [main] INFO  com.smartbot.starter.test [Line:57 ] - Started test in 4.188 seconds (process running for 5.156)
2023-03-30 03:51:29,339 [main] INFO  com.smartbot.starter.test [Line:51 ] - Starting test using Java 17.0.1 with PID 1336 (started by 12135 in C:\newfolder\javaweb\smartbot\portal)
2023-03-30 03:51:29,342 [main] INFO  com.smartbot.starter.test [Line:630] - No active profile set, falling back to 1 default profile: "default"
2023-03-30 03:51:30,513 [main] INFO  o.s.d.r.c.RepositoryConfigurationDelegate [Line:291] - Multiple Spring Data modules found, entering strict repository configuration mode
2023-03-30 03:51:30,524 [main] INFO  o.s.d.r.c.RepositoryConfigurationDelegate [Line:138] - Bootstrapping Spring Data Redis repositories in DEFAULT mode.
2023-03-30 03:51:30,578 [main] INFO  o.s.d.r.c.RepositoryConfigurationDelegate [Line:208] - Finished Spring Data repository scanning in 10 ms. Found 0 Redis repository interfaces.
2023-03-30 03:51:33,576 [main] INFO  com.smartbot.starter.test [Line:57 ] - Started test in 4.678 seconds (process running for 6.476)
2023-03-30 03:51:34,616 [main] INFO  c.alibaba.druid.pool.DruidDataSource [Line:930] - {dataSource-1} inited
2023-03-30 03:51:35,518 [SpringApplicationShutdownHook] INFO  c.alibaba.druid.pool.DruidDataSource [Line:1825] - {dataSource-1} closed
2023-03-30 03:51:41,290 [main] INFO  com.smartbot.starter.test [Line:51 ] - Starting test using Java 17.0.1 with PID 2252 (started by 12135 in C:\newfolder\javaweb\smartbot\portal)
2023-03-30 03:51:41,292 [main] INFO  com.smartbot.starter.test [Line:630] - No active profile set, falling back to 1 default profile: "default"
2023-03-30 03:51:42,440 [main] INFO  o.s.d.r.c.RepositoryConfigurationDelegate [Line:291] - Multiple Spring Data modules found, entering strict repository configuration mode
2023-03-30 03:51:42,445 [main] INFO  o.s.d.r.c.RepositoryConfigurationDelegate [Line:138] - Bootstrapping Spring Data Redis repositories in DEFAULT mode.
2023-03-30 03:51:42,498 [main] INFO  o.s.d.r.c.RepositoryConfigurationDelegate [Line:208] - Finished Spring Data repository scanning in 7 ms. Found 0 Redis repository interfaces.
2023-03-30 03:51:45,378 [main] INFO  com.smartbot.starter.test [Line:57 ] - Started test in 4.638 seconds (process running for 6.222)
2023-03-30 03:59:15,476 [main] INFO  com.smartbot.starter.test [Line:51 ] - Starting test using Java 17.0.1 with PID 10320 (started by 12135 in C:\newfolder\javaweb\smartbot\portal)
2023-03-30 03:59:15,477 [main] INFO  com.smartbot.starter.test [Line:630] - No active profile set, falling back to 1 default profile: "default"
2023-03-30 03:59:16,148 [main] INFO  o.s.d.r.c.RepositoryConfigurationDelegate [Line:291] - Multiple Spring Data modules found, entering strict repository configuration mode
2023-03-30 03:59:16,152 [main] INFO  o.s.d.r.c.RepositoryConfigurationDelegate [Line:138] - Bootstrapping Spring Data Redis repositories in DEFAULT mode.
2023-03-30 03:59:16,189 [main] INFO  o.s.d.r.c.RepositoryConfigurationDelegate [Line:208] - Finished Spring Data repository scanning in 5 ms. Found 0 Redis repository interfaces.
2023-03-30 03:59:18,462 [main] INFO  com.smartbot.starter.test [Line:57 ] - Started test in 3.231 seconds (process running for 4.187)
2023-03-30 03:59:19,940 [main] INFO  c.alibaba.druid.pool.DruidDataSource [Line:930] - {dataSource-1} inited
2023-03-30 03:59:20,611 [SpringApplicationShutdownHook] INFO  c.alibaba.druid.pool.DruidDataSource [Line:1825] - {dataSource-1} closed
2023-03-30 04:01:18,095 [main] INFO  com.smartbot.starter.test [Line:51 ] - Starting test using Java 17.0.1 with PID 15004 (started by 12135 in C:\newfolder\javaweb\smartbot\portal)
2023-03-30 04:01:18,097 [main] INFO  com.smartbot.starter.test [Line:630] - No active profile set, falling back to 1 default profile: "default"
2023-03-30 04:01:19,289 [main] INFO  o.s.d.r.c.RepositoryConfigurationDelegate [Line:291] - Multiple Spring Data modules found, entering strict repository configuration mode
2023-03-30 04:01:19,294 [main] INFO  o.s.d.r.c.RepositoryConfigurationDelegate [Line:138] - Bootstrapping Spring Data Redis repositories in DEFAULT mode.
2023-03-30 04:01:19,345 [main] INFO  o.s.d.r.c.RepositoryConfigurationDelegate [Line:208] - Finished Spring Data repository scanning in 8 ms. Found 0 Redis repository interfaces.
2023-03-30 04:01:22,218 [main] INFO  com.smartbot.starter.test [Line:57 ] - Started test in 4.527 seconds (process running for 5.908)
2023-03-30 04:01:23,341 [main] INFO  c.alibaba.druid.pool.DruidDataSource [Line:930] - {dataSource-1} inited
2023-03-30 04:01:24,005 [SpringApplicationShutdownHook] INFO  c.alibaba.druid.pool.DruidDataSource [Line:1825] - {dataSource-1} closed
2023-03-30 04:03:17,831 [main] INFO  com.smartbot.starter.test [Line:51 ] - Starting test using Java 17.0.1 with PID 3668 (started by 12135 in C:\newfolder\javaweb\smartbot\portal)
2023-03-30 04:03:17,833 [main] INFO  com.smartbot.starter.test [Line:630] - No active profile set, falling back to 1 default profile: "default"
2023-03-30 04:03:18,894 [main] INFO  o.s.d.r.c.RepositoryConfigurationDelegate [Line:291] - Multiple Spring Data modules found, entering strict repository configuration mode
2023-03-30 04:03:18,901 [main] INFO  o.s.d.r.c.RepositoryConfigurationDelegate [Line:138] - Bootstrapping Spring Data Redis repositories in DEFAULT mode.
2023-03-30 04:03:18,954 [main] INFO  o.s.d.r.c.RepositoryConfigurationDelegate [Line:208] - Finished Spring Data repository scanning in 9 ms. Found 0 Redis repository interfaces.
2023-03-30 04:03:21,805 [main] INFO  com.smartbot.starter.test [Line:57 ] - Started test in 4.342 seconds (process running for 5.657)
2023-03-30 04:03:22,947 [main] INFO  c.alibaba.druid.pool.DruidDataSource [Line:930] - {dataSource-1} inited
2023-03-30 04:03:24,252 [SpringApplicationShutdownHook] INFO  c.alibaba.druid.pool.DruidDataSource [Line:1825] - {dataSource-1} closed
2023-03-30 04:03:31,188 [main] INFO  com.smartbot.starter.test [Line:51 ] - Starting test using Java 17.0.1 with PID 9752 (started by 12135 in C:\newfolder\javaweb\smartbot\portal)
2023-03-30 04:03:31,190 [main] INFO  com.smartbot.starter.test [Line:630] - No active profile set, falling back to 1 default profile: "default"
2023-03-30 04:03:32,214 [main] INFO  o.s.d.r.c.RepositoryConfigurationDelegate [Line:291] - Multiple Spring Data modules found, entering strict repository configuration mode
2023-03-30 04:03:32,218 [main] INFO  o.s.d.r.c.RepositoryConfigurationDelegate [Line:138] - Bootstrapping Spring Data Redis repositories in DEFAULT mode.
2023-03-30 04:03:32,263 [main] INFO  o.s.d.r.c.RepositoryConfigurationDelegate [Line:208] - Finished Spring Data repository scanning in 8 ms. Found 0 Redis repository interfaces.
2023-03-30 04:03:35,375 [main] INFO  com.smartbot.starter.test [Line:57 ] - Started test in 4.589 seconds (process running for 6.028)
2023-03-30 04:04:37,810 [main] INFO  com.smartbot.starter.test [Line:51 ] - Starting test using Java 17.0.1 with PID 11280 (started by 12135 in C:\newfolder\javaweb\smartbot\portal)
2023-03-30 04:04:37,811 [main] INFO  com.smartbot.starter.test [Line:630] - No active profile set, falling back to 1 default profile: "default"
2023-03-30 04:04:38,473 [main] INFO  o.s.d.r.c.RepositoryConfigurationDelegate [Line:291] - Multiple Spring Data modules found, entering strict repository configuration mode
2023-03-30 04:04:38,476 [main] INFO  o.s.d.r.c.RepositoryConfigurationDelegate [Line:138] - Bootstrapping Spring Data Redis repositories in DEFAULT mode.
2023-03-30 04:04:38,505 [main] INFO  o.s.d.r.c.RepositoryConfigurationDelegate [Line:208] - Finished Spring Data repository scanning in 5 ms. Found 0 Redis repository interfaces.
2023-03-30 04:04:40,588 [main] INFO  com.smartbot.starter.test [Line:57 ] - Started test in 3.042 seconds (process running for 3.964)
2023-03-30 04:04:42,139 [main] INFO  c.alibaba.druid.pool.DruidDataSource [Line:930] - {dataSource-1} inited
2023-03-30 04:04:43,437 [SpringApplicationShutdownHook] INFO  c.alibaba.druid.pool.DruidDataSource [Line:1825] - {dataSource-1} closed
2023-03-30 04:04:49,138 [main] INFO  com.smartbot.starter.test [Line:51 ] - Starting test using Java 17.0.1 with PID 11824 (started by 12135 in C:\newfolder\javaweb\smartbot\portal)
2023-03-30 04:04:49,140 [main] INFO  com.smartbot.starter.test [Line:630] - No active profile set, falling back to 1 default profile: "default"
2023-03-30 04:04:50,185 [main] INFO  o.s.d.r.c.RepositoryConfigurationDelegate [Line:291] - Multiple Spring Data modules found, entering strict repository configuration mode
2023-03-30 04:04:50,192 [main] INFO  o.s.d.r.c.RepositoryConfigurationDelegate [Line:138] - Bootstrapping Spring Data Redis repositories in DEFAULT mode.
2023-03-30 04:04:50,240 [main] INFO  o.s.d.r.c.RepositoryConfigurationDelegate [Line:208] - Finished Spring Data repository scanning in 8 ms. Found 0 Redis repository interfaces.
2023-03-30 04:04:53,152 [main] INFO  com.smartbot.starter.test [Line:57 ] - Started test in 4.393 seconds (process running for 5.796)
